0 info it worked if it ends with ok
1 verbose cli [ '/usr/bin/nodejs', '/usr/bin/npm', 'run', 'sass' ]
2 info using npm@3.5.2
3 info using node@v4.2.6
4 verbose run-script [ 'presass', 'sass', 'postsass' ]
5 info lifecycle matthew-han-personal-portfolio-site-2019@1.0.0~presass: matthew-han-personal-portfolio-site-2019@1.0.0
6 silly lifecycle matthew-han-personal-portfolio-site-2019@1.0.0~presass: no script for presass, continuing
7 info lifecycle matthew-han-personal-portfolio-site-2019@1.0.0~sass: matthew-han-personal-portfolio-site-2019@1.0.0
8 verbose lifecycle matthew-han-personal-portfolio-site-2019@1.0.0~sass: unsafe-perm in lifecycle true
9 verbose lifecycle matthew-han-personal-portfolio-site-2019@1.0.0~sass: PATH: /usr/share/npm/bin/node-gyp-bin:/home/cosmorocks/Desktop/Personal-Site-2019/node_modules/.bin:/home/cosmorocks/bin:/home/cosmorocks/.local/bin:/usr/local/sbin:/usr/local/bin:/usr/sbin:/usr/bin:/sbin:/bin:/usr/games:/usr/local/games:/snap/bin
10 verbose lifecycle matthew-han-personal-portfolio-site-2019@1.0.0~sass: CWD: /home/cosmorocks/Desktop/Personal-Site-2019
11 silly lifecycle matthew-han-personal-portfolio-site-2019@1.0.0~sass: Args: [ '-c', 'sass -w scss/ -o dist/css/ --recursive' ]
12 silly lifecycle matthew-han-personal-portfolio-site-2019@1.0.0~sass: Returned: code: 64  signal: null
13 info lifecycle matthew-han-personal-portfolio-site-2019@1.0.0~sass: Failed to exec sass script
14 verbose stack Error: matthew-han-personal-portfolio-site-2019@1.0.0 sass: `sass -w scss/ -o dist/css/ --recursive`
14 verbose stack Exit status 64
14 verbose stack     at EventEmitter.<anonymous> (/usr/share/npm/lib/utils/lifecycle.js:232:16)
14 verbose stack     at emitTwo (events.js:87:13)
14 verbose stack     at EventEmitter.emit (events.js:172:7)
14 verbose stack     at ChildProcess.<anonymous> (/usr/share/npm/lib/utils/spawn.js:24:14)
14 verbose stack     at emitTwo (events.js:87:13)
14 verbose stack     at ChildProcess.emit (events.js:172:7)
14 verbose stack     at maybeClose (internal/child_process.js:821:16)
14 verbose stack     at Process.ChildProcess._handle.onexit (internal/child_process.js:211:5)
15 verbose pkgid matthew-han-personal-portfolio-site-2019@1.0.0
16 verbose cwd /home/cosmorocks/Desktop/Personal-Site-2019
17 error Linux 4.15.0-43-generic
18 error argv "/usr/bin/nodejs" "/usr/bin/npm" "run" "sass"
19 error node v4.2.6
20 error npm  v3.5.2
21 error code ELIFECYCLE
22 error matthew-han-personal-portfolio-site-2019@1.0.0 sass: `sass -w scss/ -o dist/css/ --recursive`
22 error Exit status 64
23 error Failed at the matthew-han-personal-portfolio-site-2019@1.0.0 sass script 'sass -w scss/ -o dist/css/ --recursive'.
23 error Make sure you have the latest version of node.js and npm installed.
23 error If you do, this is most likely a problem with the matthew-han-personal-portfolio-site-2019 package,
23 error not with npm itself.
23 error Tell the author that this fails on your system:
23 error     sass -w scss/ -o dist/css/ --recursive
23 error You can get information on how to open an issue for this project with:
23 error     npm bugs matthew-han-personal-portfolio-site-2019
23 error Or if that isn't available, you can get their info via:
23 error     npm owner ls matthew-han-personal-portfolio-site-2019
23 error There is likely additional logging output above.
24 verbose exit [ 1, true ]
